root - INFO - Finding optimum values of hyperparameters on 11 cores.
root - INFO - BEST PARAMS: {'max_depth': 10, 'max_features': 'sqrt', 'min_samples_split': 20, 'n_estimators': 15}
root - INFO - Classification target labels: ['<=50K', '>50K']
root - INFO - precision:0.794, recall:0.542, fbeta:0.644
root - INFO - Confusion matrix:
[[4320  211]
 [ 688  814]]
root - INFO - Performance on slice workclass
root - INFO -      feature     feature value n_samples precision    recall     fbeta
0  workclass  Self-emp-not-inc       517  0.731481  0.523179  0.610039
1  workclass           Private      4437   0.79902  0.510972  0.623327
2  workclass         Local-gov       395      0.75  0.579832  0.654028
3  workclass      Self-emp-inc       208      0.84  0.711864  0.770642
4  workclass         State-gov       275  0.808824    0.6875  0.743243
5  workclass       Federal-gov       199  0.844444  0.493506  0.622951
6  workclass       Without-pay         2       1.0       1.0       1.0
root - INFO - Performance on slice education
root - INFO -       feature feature value n_samples precision    recall     fbeta
0   education       Masters       301  0.775401  0.895062  0.830946
1   education    Assoc-acdm       182  0.842105  0.484848  0.615385
2   education     Bachelors      1036  0.719057   0.83945  0.774603
3   education       HS-grad      1971  0.940299  0.201278  0.331579
4   education       5th-6th        59       1.0      0.25       0.4
5   education  Some-college      1347  0.934426  0.202128  0.332362
6   education          11th       219       1.0  0.363636  0.533333
7   education       1st-4th        30       1.0       0.0       0.0
8   education          10th       163       1.0  0.307692  0.470588
9   education     Assoc-voc       274  0.958333  0.315068  0.474227
10  education     Doctorate        82  0.903226  0.835821  0.868217
11  education           9th        74       1.0       0.0       0.0
12  education          12th        69       1.0       0.2  0.333333
13  education   Prof-school       109  0.915663  0.853933  0.883721
14  education       7th-8th       109  0.666667       0.2  0.307692
15  education     Preschool         8       1.0       1.0       1.0
root - INFO - Performance on slice marital-status
root - INFO -           feature          feature value n_samples precision    recall     fbeta
0  marital-status     Married-civ-spouse      2820  0.787565  0.585065  0.671378
1  marital-status          Never-married      1946  0.892857  0.268817  0.413223
2  marital-status               Divorced       822  0.916667  0.278481  0.427184
3  marital-status                Widowed       177       1.0  0.083333  0.153846
4  marital-status              Separated       188       1.0  0.384615  0.555556
5  marital-status  Married-spouse-absent        70       0.0       0.0       1.0
6  marital-status      Married-AF-spouse        10       1.0      0.25       0.4
root - INFO - Performance on slice occupation
root - INFO -        feature      feature value n_samples precision    recall     fbeta
0   occupation     Prof-specialty       834  0.794271  0.798429  0.796345
1   occupation    Exec-managerial       773  0.847403  0.692308  0.762044
2   occupation      Other-service       656       0.8  0.111111  0.195122
3   occupation  Machine-op-inspct       433    0.8125  0.224138  0.351351
4   occupation       Craft-repair       763  0.725806  0.264706  0.387931
5   occupation              Sales       717  0.798319  0.505319  0.618893
6   occupation       Adm-clerical       750  0.666667  0.382022  0.485714
7   occupation       Tech-support       187  0.846154  0.423077  0.564103
8   occupation   Transport-moving       332  0.590909  0.188406  0.285714
9   occupation    Farming-fishing       203       0.9     0.375  0.529412
10  occupation  Handlers-cleaners       242       0.5  0.142857  0.222222
11  occupation    Protective-serv       116  0.647059  0.255814  0.366667
12  occupation    Priv-house-serv        24       0.0       1.0       0.0
13  occupation       Armed-Forces         3       1.0       1.0       1.0
root - INFO - Performance on slice relationship
root - INFO -         feature   feature value n_samples precision    recall     fbeta
0  relationship         Husband      2500   0.78341  0.590278  0.673267
1  relationship            Wife       291  0.833333  0.544218  0.658436
2  relationship       Own-child       916       0.6  0.428571       0.5
3  relationship   Not-in-family      1518  0.904762  0.253333  0.395833
4  relationship       Unmarried       641       1.0   0.25641  0.408163
5  relationship  Other-relative       167      0.75  0.428571  0.545455
root - INFO - Performance on slice race
root - INFO -   feature       feature value n_samples precision    recall     fbeta
0    race               White      5185  0.792069  0.544183  0.645133
1    race               Other        48      0.75       0.6  0.666667
2    race               Black       571      0.82  0.471264   0.59854
3    race  Amer-Indian-Eskimo        59       1.0  0.666667       0.8
4    race  Asian-Pac-Islander       170  0.794118  0.586957     0.675
root - INFO - Performance on slice sex
root - INFO -   feature feature value n_samples precision    recall     fbeta
0     sex          Male      4075  0.788145  0.557021  0.652727
1     sex        Female      1958  0.842105  0.450704  0.587156
root - INFO - Performance on slice native-country
root - INFO -            feature               feature value n_samples precision    recall     fbeta
0   native-country               United-States      5512  0.796663  0.545325  0.647458
1   native-country                 El-Salvador        22       1.0       0.5  0.666667
2   native-country                      Mexico       120       1.0  0.333333       0.5
3   native-country                     England        16       0.5  0.166667      0.25
4   native-country          Dominican-Republic        15       1.0       0.0       0.0
5   native-country                      Poland        12       1.0       0.0       0.0
6   native-country                   Guatemala        11       1.0       1.0       1.0
7   native-country                       China        13       1.0  0.666667       0.8
8   native-country                     Jamaica        21  0.666667       0.5  0.571429
9   native-country                        Cuba        21       1.0       0.5  0.666667
10  native-country                      Canada        19      0.25      0.25      0.25
11  native-country                     Germany        21  0.666667  0.285714       0.4
12  native-country                       India        26       1.0       0.7  0.823529
13  native-country                       South        13       0.6      0.75  0.666667
14  native-country                       Japan        11  0.666667       0.5  0.571429
15  native-country                      France         5       1.0      0.75  0.857143
16  native-country                    Columbia        10       1.0       1.0       1.0
17  native-country                 Puerto-Rico        15       1.0       0.5  0.666667
18  native-country                    Cambodia         7       1.0       0.0       0.0
19  native-country                 Philippines        42  0.888889  0.615385  0.727273
20  native-country                       Italy        14       1.0  0.333333       0.5
21  native-country                      Taiwan         6       0.5       1.0  0.666667
22  native-country                        Iran         8       0.5       0.5       0.5
23  native-country                        Hong         4       1.0       1.0       1.0
24  native-country                     Vietnam        15       0.0       0.0       1.0
25  native-country                    Portugal         2       1.0       1.0       1.0
26  native-country                       Haiti        10       1.0       1.0       1.0
27  native-country                        Peru         4       1.0       1.0       1.0
28  native-country                        Laos         1       1.0       0.0       0.0
29  native-country                    Honduras         2       1.0       1.0       1.0
30  native-country                    Thailand         1       1.0       1.0       1.0
31  native-country                     Ireland         8       1.0       1.0       1.0
32  native-country             Trinadad&Tobago         2       1.0       1.0       1.0
33  native-country                     Ecuador         3       0.0       0.0       1.0
34  native-country                     Hungary         2       1.0       1.0       1.0
35  native-country                   Nicaragua         8       0.0       1.0       0.0
36  native-country                      Greece         3       1.0       0.5  0.666667
37  native-country                    Scotland         4       1.0       0.0       0.0
38  native-country                  Yugoslavia         3       1.0       0.5  0.666667
39  native-country  Outlying-US(Guam-USVI-etc)         1       1.0       1.0       1.0
